# JRE version: OpenJDK Runtime Environment Corretto-17.0.7.7.1 (17.0.7+7) (build 17.0.7+7-LTS)
# Java VM: OpenJDK 64-Bit Server VM Corretto-17.0.7.7.1 (17.0.7+7-LTS, mixed mode, sharing, tiered, compressed oops, compressed class ptrs, g1 gc, windows-amd64)
GC Precious Log:
 CPUs: 8 total, 8 available
 Memory: 16182M
 Large Page Support: Disabled
 NUMA Support: Disabled
 Compressed Oops: Enabled (32-bit)
 Heap Region Size: 1M
 Heap Min Capacity: 8M
 Heap Initial Capacity: 254M
 Heap Max Capacity: 2G
 Pre-touch: Disabled
 Parallel Workers: 8
 Concurrent Workers: 2
 Concurrent Refinement Workers: 8
 Periodic GC: Disabled
Heap:
 garbage-first heap   total 260096K, used 111091K [0x0000000080000000, 0x0000000100000000)
  region size 1024K, 7 young (7168K), 7 survivors (7168K)
 Metaspace       used 105308K, committed 106560K, reserved 1179648K
  class space    used 14028K, committed 14656K, reserved 1048576K
GC Heap History (20 events):
Event: 2994.465 GC heap after
{Heap after GC invocations=52 (full 0):
 garbage-first heap   total 195584K, used 105852K [0x0000000080000000, 0x0000000100000000)
  region size 1024K, 1 young (1024K), 1 survivors (1024K)
 Metaspace       used 102165K, committed 103232K, reserved 1179648K
  class space    used 13665K, committed 14208K, reserved 1048576K
}
Event: 2995.032 GC heap before
{Heap before GC invocations=52 (full 0):
 garbage-first heap   total 195584K, used 161148K [0x0000000080000000, 0x0000000100000000)
  region size 1024K, 56 young (57344K), 1 survivors (1024K)
 Metaspace       used 102415K, committed 103424K, reserved 1179648K
  class space    used 13678K, committed 14208K, reserved 1048576K
}
Event: 2995.037 GC heap after
{Heap after GC invocations=53 (full 0):
 garbage-first heap   total 195584K, used 112378K [0x0000000080000000, 0x0000000100000000)
  region size 1024K, 7 young (7168K), 7 survivors (7168K)
 Metaspace       used 102415K, committed 103424K, reserved 1179648K
  class space    used 13678K, committed 14208K, reserved 1048576K
}
Event: 3023.965 GC heap before
{Heap before GC invocations=54 (full 0):
 garbage-first heap   total 195584K, used 156410K [0x0000000080000000, 0x0000000100000000)
  region size 1024K, 55 young (56320K), 7 survivors (7168K)
 Metaspace       used 102645K, committed 103616K, reserved 1179648K
  class space    used 13694K, committed 14208K, reserved 1048576K
}
Event: 3023.973 GC heap after
{Heap after GC invocations=55 (full 0):
 garbage-first heap   total 195584K, used 110911K [0x0000000080000000, 0x0000000100000000)
  region size 1024K, 4 young (4096K), 4 survivors (4096K)
 Metaspace       used 102645K, committed 103616K, reserved 1179648K
  class space    used 13694K, committed 14208K, reserved 1048576K
}
Event: 3024.009 GC heap before
{Heap before GC invocations=55 (full 0):
 garbage-first heap   total 195584K, used 116031K [0x0000000080000000, 0x0000000100000000)
  region size 1024K, 9 young (9216K), 4 survivors (4096K)
 Metaspace       used 102653K, committed 103616K, reserved 1179648K
  class space    used 13694K, committed 14208K, reserved 1048576K
}
Event: 3024.018 GC heap after
{Heap after GC invocations=56 (full 0):
 garbage-first heap   total 195584K, used 99490K [0x0000000080000000, 0x0000000100000000)
  region size 1024K, 2 young (2048K), 2 survivors (2048K)
 Metaspace       used 102653K, committed 103616K, reserved 1179648K
  class space    used 13694K, committed 14208K, reserved 1048576K
}
Event: 3054.324 GC heap before
{Heap before GC invocations=56 (full 0):
 garbage-first heap   total 195584K, used 157858K [0x0000000080000000, 0x0000000100000000)
  region size 1024K, 60 young (61440K), 2 survivors (2048K)
 Metaspace       used 102861K, committed 104000K, reserved 1179648K
  class space    used 13699K, committed 14272K, reserved 1048576K
}
Event: 3054.333 GC heap after
{Heap after GC invocations=57 (full 0):
 garbage-first heap   total 195584K, used 105546K [0x0000000080000000, 0x0000000100000000)
  region size 1024K, 8 young (8192K), 8 survivors (8192K)
 Metaspace       used 102861K, committed 104000K, reserved 1179648K
  class space    used 13699K, committed 14272K, reserved 1048576K
}
Event: 3054.779 GC heap before
{Heap before GC invocations=58 (full 0):
 garbage-first heap   total 198656K, used 155722K [0x0000000080000000, 0x0000000100000000)
  region size 1024K, 60 young (61440K), 8 survivors (8192K)
 Metaspace       used 103277K, committed 104448K, reserved 1179648K
  class space    used 13763K, committed 14336K, reserved 1048576K
}
Event: 3054.787 GC heap after
{Heap after GC invocations=59 (full 0):
 garbage-first heap   total 198656K, used 109516K [0x0000000080000000, 0x0000000100000000)
  region size 1024K, 7 young (7168K), 7 survivors (7168K)
 Metaspace       used 103277K, committed 104448K, reserved 1179648K
  class space    used 13763K, committed 14336K, reserved 1048576K
}
Event: 3054.803 GC heap before
{Heap before GC invocations=59 (full 0):
 garbage-first heap   total 198656K, used 110540K [0x0000000080000000, 0x0000000100000000)
  region size 1024K, 9 young (9216K), 7 survivors (7168K)
 Metaspace       used 103315K, committed 104512K, reserved 1179648K
  class space    used 13773K, committed 14400K, reserved 1048576K
}
Event: 3054.810 GC heap after
{Heap after GC invocations=60 (full 0):
 garbage-first heap   total 198656K, used 105472K [0x0000000080000000, 0x0000000100000000)
  region size 1024K, 1 young (1024K), 1 survivors (1024K)
 Metaspace       used 103315K, committed 104512K, reserved 1179648K
  class space    used 13773K, committed 14400K, reserved 1048576K
}
Event: 4240.358 GC heap before
{Heap before GC invocations=60 (full 0):
 garbage-first heap   total 198656K, used 160768K [0x0000000080000000, 0x0000000100000000)
  region size 1024K, 55 young (56320K), 1 survivors (1024K)
 Metaspace       used 103517K, committed 104768K, reserved 1179648K
  class space    used 13804K, committed 14464K, reserved 1048576K
}
Event: 4240.362 GC heap after
{Heap after GC invocations=61 (full 0):
 garbage-first heap   total 198656K, used 107897K [0x0000000080000000, 0x0000000100000000)
  region size 1024K, 4 young (4096K), 4 survivors (4096K)
 Metaspace       used 103517K, committed 104768K, reserved 1179648K
  class space    used 13804K, committed 14464K, reserved 1048576K
}
Event: 4240.975 GC heap before
{Heap before GC invocations=62 (full 0):
 garbage-first heap   total 198656K, used 160121K [0x0000000080000000, 0x0000000100000000)
  region size 1024K, 57 young (58368K), 4 survivors (4096K)
 Metaspace       used 105096K, committed 106368K, reserved 1179648K
  class space    used 14022K, committed 14656K, reserved 1048576K
}
Event: 4240.982 GC heap after
{Heap after GC invocations=63 (full 0):
 garbage-first heap   total 198656K, used 112946K [0x0000000080000000, 0x0000000100000000)
  region size 1024K, 8 young (8192K), 8 survivors (8192K)
 Metaspace       used 105096K, committed 106368K, reserved 1179648K
  class space    used 14022K, committed 14656K, reserved 1048576K
}
Event: 4240.988 GC heap before
{Heap before GC invocations=63 (full 0):
 garbage-first heap   total 198656K, used 113970K [0x0000000080000000, 0x0000000100000000)
  region size 1024K, 9 young (9216K), 8 survivors (8192K)
 Metaspace       used 105098K, committed 106368K, reserved 1179648K
  class space    used 14022K, committed 14656K, reserved 1048576K
}
Event: 4241.000 GC heap after
{Heap after GC invocations=64 (full 0):
 garbage-first heap   total 198656K, used 106011K [0x0000000080000000, 0x0000000100000000)
  region size 1024K, 2 young (2048K), 2 survivors (2048K)
 Metaspace       used 105098K, committed 106368K, reserved 1179648K
  class space    used 14022K, committed 14656K, reserved 1048576K
}
Event: 4241.615 GC heap before
{Heap before GC invocations=64 (full 0):
 garbage-first heap   total 198656K, used 158235K [0x0000000080000000, 0x0000000100000000)
  region size 1024K, 54 young (55296K), 2 survivors (2048K)
 Metaspace       used 105308K, committed 106560K, reserved 1179648K
  class space    used 14028K, committed 14656K, reserved 1048576K
}

